LOG AT: Fri_Jul_22_10:46:26_2016
 
current inquiry mode is 1
[00:1F:F3:B4:AB:4B] RSSI: [-79]
[00:1F:F3:B4:AB:4B] RSSI: [-62]
[00:1F:F3:B4:AB:4B] RSSI: [-62]
NewPhone: ('00:1F:F3:B4:AB:4B', -62.0)
Phone: 00:1F:F3:B4:AB:4B is not registered
NearestPhone: No Devices Detected
current inquiry mode is 1
[00:1F:F3:B4:AB:4B] RSSI: [-65]
[00:1F:F3:B4:AB:4B] RSSI: [-73]
[00:1F:F3:B4:AB:4B] RSSI: [-65]
[90:E7:C4:3E:D1:0C] RSSI: [-49]
[90:E7:C4:3E:D1:0C] RSSI: [-45]
[00:1F:F3:B4:AB:4B] RSSI: [-70]
NewPhone: ('00:1F:F3:B4:AB:4B', -67.5)
Phone: 00:1F:F3:B4:AB:4B is not registered
current inquiry mode is 1
[90:E7:C4:3E:D1:0C] RSSI: [-51]
[90:E7:C4:3E:D1:0C] RSSI: [-43]
[00:1F:F3:B4:AB:4B] RSSI: [-64]
[00:1F:F3:B4:AB:4B] RSSI: [-70]
[00:1F:F3:B4:AB:4B] RSSI: [-68]
[90:E7:C4:3E:D1:0C] RSSI: [-49]
[90:E7:C4:3E:D1:0C] RSSI: [-46]
[00:1F:F3:B4:AB:4B] RSSI: [-60]
NewPhone: ('90:E7:C4:3E:D1:0C', -47.5)
Phone: 90:E7:C4:3E:D1:0C is registered
NearestPhone: (None, '90:E7:C4:3E:D1:0C', -47.5)
current inquiry mode is 1
[90:E7:C4:3E:D1:0C] RSSI: [-45]
[00:1F:F3:B4:AB:4B] RSSI: [-66]
[90:E7:C4:3E:D1:0C] RSSI: [-45]
[00:1F:F3:B4:AB:4B] RSSI: [-82]
[00:1F:F3:B4:AB:4B] RSSI: [-66]
[90:E7:C4:3E:D1:0C] RSSI: [-51]
[00:1F:F3:B4:AB:4B] RSSI: [-63]
[90:E7:C4:3E:D1:0C] RSSI: [-48]
[90:E7:C4:3E:D1:0C] RSSI: [-65]
[90:E7:C4:3E:D1:0C] RSSI: [-54]
[90:E7:C4:3E:D1:0C] RSSI: [-63]
[90:E7:C4:3E:D1:0C] RSSI: [-53]
[90:E7:C4:3E:D1:0C] RSSI: [-56]
[90:E7:C4:3E:D1:0C] RSSI: [-56]
NewPhone: ('00:1F:F3:B4:AB:4B', -66.0)
Phone: 00:1F:F3:B4:AB:4B is not registered
current inquiry mode is 1
[90:E7:C4:3E:D1:0C] RSSI: [-51]
[00:1F:F3:B4:AB:4B] RSSI: [-66]
[90:E7:C4:3E:D1:0C] RSSI: [-49]
[90:E7:C4:3E:D1:0C] RSSI: [-76]
[90:E7:C4:3E:D1:0C] RSSI: [-68]
[90:E7:C4:3E:D1:0C] RSSI: [-49]
[00:1F:F3:B4:AB:4B] RSSI: [-63]
[00:1F:F3:B4:AB:4B] RSSI: [-71]
[90:E7:C4:3E:D1:0C] RSSI: [-57]
[90:E7:C4:3E:D1:0C] RSSI: [-60]
[90:E7:C4:3E:D1:0C] RSSI: [-54]
[90:E7:C4:3E:D1:0C] RSSI: [-51]
[90:E7:C4:3E:D1:0C] RSSI: [-53]
[90:E7:C4:3E:D1:0C] RSSI: [-49]
[90:E7:C4:3E:D1:0C] RSSI: [-51]
[90:E7:C4:3E:D1:0C] RSSI: [-58]
[90:E7:C4:3E:D1:0C] RSSI: [-56]
NewPhone: ('90:E7:C4:3E:D1:0C', -53.5)
Phone: 90:E7:C4:3E:D1:0C is registered
current inquiry mode is 1
[58:B0:35:81:CE:47] RSSI: [-89]
[58:B0:35:81:CE:47] RSSI: [-89]
[00:1F:F3:B4:AB:4B] RSSI: [-63]
[00:1F:F3:B4:AB:4B] RSSI: [-70]
[90:E7:C4:3E:D1:0C] RSSI: [-42]
[00:1F:F3:B4:AB:4B] RSSI: [-63]
[00:1F:F3:B4:AB:4B] RSSI: [-70]
[90:E7:C4:3E:D1:0C] RSSI: [-54]
[90:E7:C4:3E:D1:0C] RSSI: [-50]
[90:E7:C4:3E:D1:0C] RSSI: [-53]
[90:E7:C4:3E:D1:0C] RSSI: [-52]
[90:E7:C4:3E:D1:0C] RSSI: [-43]
[90:E7:C4:3E:D1:0C] RSSI: [-43]
[90:E7:C4:3E:D1:0C] RSSI: [-48]
[90:E7:C4:3E:D1:0C] RSSI: [-44]
NewPhone: ('58:B0:35:81:CE:47', -89.0)
Phone: 58:B0:35:81:CE:47 is not registered
NearestPhone: ('aleksphone', '90:E7:C4:3E:D1:0C', -53.5)
current inquiry mode is 1
[00:1F:F3:B4:AB:4B] RSSI: [-64]
[90:E7:C4:3E:D1:0C] RSSI: [-52]
[90:E7:C4:3E:D1:0C] RSSI: [-50]
[00:1F:F3:B4:AB:4B] RSSI: [-63]
[90:E7:C4:3E:D1:0C] RSSI: [-48]
[90:E7:C4:3E:D1:0C] RSSI: [-52]
[90:E7:C4:3E:D1:0C] RSSI: [-51]
[90:E7:C4:3E:D1:0C] RSSI: [-53]
[90:E7:C4:3E:D1:0C] RSSI: [-51]
[90:E7:C4:3E:D1:0C] RSSI: [-53]
[00:1F:F3:B4:AB:4B] RSSI: [-66]
[00:1F:F3:B4:AB:4B] RSSI: [-66]
[90:E7:C4:3E:D1:0C] RSSI: [-50]
[00:1F:F3:B4:AB:4B] RSSI: [-72]
[90:E7:C4:3E:D1:0C] RSSI: [-51]
[00:1F:F3:B4:AB:4B] RSSI: [-75]
[90:E7:C4:3E:D1:0C] RSSI: [-50]
NewPhone: ('00:1F:F3:B4:AB:4B', -66.0)
Phone: 00:1F:F3:B4:AB:4B is not registered
current inquiry mode is 1
[90:E7:C4:3E:D1:0C] RSSI: [-51]
[90:E7:C4:3E:D1:0C] RSSI: [-52]
[90:E7:C4:3E:D1:0C] RSSI: [-50]
[90:E7:C4:3E:D1:0C] RSSI: [-51]
[90:E7:C4:3E:D1:0C] RSSI: [-49]
[90:E7:C4:3E:D1:0C] RSSI: [-53]
[90:E7:C4:3E:D1:0C] RSSI: [-53]
[90:E7:C4:3E:D1:0C] RSSI: [-50]
[90:E7:C4:3E:D1:0C] RSSI: [-48]
[90:E7:C4:3E:D1:0C] RSSI: [-44]
[00:1F:F3:B4:AB:4B] RSSI: [-74]
[00:1F:F3:B4:AB:4B] RSSI: [-67]
NewPhone: ('90:E7:C4:3E:D1:0C', -50.5)
Phone: 90:E7:C4:3E:D1:0C is registered
NearestPhone: ('aleksphone', '90:E7:C4:3E:D1:0C', -50.5)
