LOG AT: Fri_Jul_22_10:27:56_2016
 
current inquiry mode is 1
[00:1F:F3:B4:AB:4B] RSSI: [-87]
NewPhone: ('00:1F:F3:B4:AB:4B', -87.0)
Phone: 00:1F:F3:B4:AB:4B is not registered
NearestPhone: No Devices Detected
current inquiry mode is 1
[90:E7:C4:3E:D1:0C] RSSI: [-44]
[90:E7:C4:3E:D1:0C] RSSI: [-42]
[90:E7:C4:3E:D1:0C] RSSI: [-45]
[00:1F:F3:B4:AB:4B] RSSI: [-61]
[90:E7:C4:3E:D1:0C] RSSI: [-45]
[90:E7:C4:3E:D1:0C] RSSI: [-50]
[90:E7:C4:3E:D1:0C] RSSI: [-45]
[90:E7:C4:3E:D1:0C] RSSI: [-44]
NewPhone: ('90:E7:C4:3E:D1:0C', -45.0)
Phone: 90:E7:C4:3E:D1:0C is registered
current inquiry mode is 1
[90:E7:C4:3E:D1:0C] RSSI: [-39]
[90:E7:C4:3E:D1:0C] RSSI: [-37]
[00:1F:F3:B4:AB:4B] RSSI: [-66]
[00:1F:F3:B4:AB:4B] RSSI: [-66]
[00:1F:F3:B4:AB:4B] RSSI: [-62]
[90:E7:C4:3E:D1:0C] RSSI: [-37]
[90:E7:C4:3E:D1:0C] RSSI: [-38]
[90:E7:C4:3E:D1:0C] RSSI: [-38]
NewPhone: ('00:1F:F3:B4:AB:4B', -66.0)
Phone: 00:1F:F3:B4:AB:4B is not registered
NearestPhone: ('aleksphone', '90:E7:C4:3E:D1:0C', -45.0)
