LOG AT: Fri_Aug__5_11:24:05_2016
 
current inquiry mode is 1
[00:1F:F3:B4:AB:4B] RSSI: [-75]
[00:1F:F3:B4:AB:4B] RSSI: [-60]
[00:1F:F3:B4:AB:4B] RSSI: [-73]
[00:1F:F3:B4:AB:4B] RSSI: [-86]
[00:1F:F3:B4:AB:4B] RSSI: [-59]
NewPhone: ('00:1F:F3:B4:AB:4B', -73.0)
Phone: 00:1F:F3:B4:AB:4B is not registered
NearestPhone: No Devices Detected
current inquiry mode is 1
[90:E7:C4:3E:D1:0C] RSSI: [-49]
[00:1F:F3:B4:AB:4B] RSSI: [-61]
NewPhone: ('00:1F:F3:B4:AB:4B', -61.0)
Phone: 00:1F:F3:B4:AB:4B is not registered
NearestPhone: No Devices Detected
current inquiry mode is 1
[90:E7:C4:3E:D1:0C] RSSI: [-61]
[00:1F:F3:B4:AB:4B] RSSI: [-70]
NewPhone: ('90:E7:C4:3E:D1:0C', -61.0)
Phone: 90:E7:C4:3E:D1:0C is registered
current inquiry mode is 1
[00:1F:F3:B4:AB:4B] RSSI: [-71]
[90:E7:C4:3E:D1:0C] RSSI: [-54]
NewPhone: ('00:1F:F3:B4:AB:4B', -71.0)
Phone: 00:1F:F3:B4:AB:4B is not registered
NearestPhone: (None, '90:E7:C4:3E:D1:0C', -61.0)
User alex voice log in at: Fri Aug  5 11:25:31 2016
User alex log out at: Fri Aug  5 11:25:38 2016
current inquiry mode is 1
[90:E7:C4:3E:D1:0C] RSSI: [-60]
[90:E7:C4:3E:D1:0C] RSSI: [-54]
[90:E7:C4:3E:D1:0C] RSSI: [-53]
[90:E7:C4:3E:D1:0C] RSSI: [-53]
[90:E7:C4:3E:D1:0C] RSSI: [-54]
[90:E7:C4:3E:D1:0C] RSSI: [-54]
[00:1F:F3:B4:AB:4B] RSSI: [-62]
[00:1F:F3:B4:AB:4B] RSSI: [-59]
[00:1F:F3:B4:AB:4B] RSSI: [-64]
NewPhone: ('00:1F:F3:B4:AB:4B', -62.0)
Phone: 00:1F:F3:B4:AB:4B is not registered
current inquiry mode is 1
[90:E7:C4:3E:D1:0C] RSSI: [-56]
[90:E7:C4:3E:D1:0C] RSSI: [-53]
[00:1F:F3:B4:AB:4B] RSSI: [-81]
[90:E7:C4:3E:D1:0C] RSSI: [-63]
[00:1F:F3:B4:AB:4B] RSSI: [-63]
NewPhone: ('90:E7:C4:3E:D1:0C', -56.0)
Phone: 90:E7:C4:3E:D1:0C is registered
NearestPhone: (None, '90:E7:C4:3E:D1:0C', -56.0)
User alex log in at: Fri Aug  5 11:26:16 2016
User alex log out at: Fri Aug  5 11:27:12 2016
current inquiry mode is 1
[00:1F:F3:B4:AB:4B] RSSI: [-64]
[00:1F:F3:B4:AB:4B] RSSI: [-75]
[00:1F:F3:B4:AB:4B] RSSI: [-63]
[00:1F:F3:B4:AB:4B] RSSI: [-73]
[00:1F:F3:B4:AB:4B] RSSI: [-65]
NewPhone: ('00:1F:F3:B4:AB:4B', -65.0)
Phone: 00:1F:F3:B4:AB:4B is not registered
NearestPhone: No Devices Detected
current inquiry mode is 1
[00:1F:F3:B4:AB:4B] RSSI: [-66]
[00:1F:F3:B4:AB:4B] RSSI: [-59]
NewPhone: ('00:1F:F3:B4:AB:4B', -62.5)
Phone: 00:1F:F3:B4:AB:4B is not registered
NearestPhone: No Devices Detected
User alex voice log in at: Fri Aug  5 11:27:58 2016
User alex log out at: Fri Aug  5 11:30:48 2016
current inquiry mode is 1
NewPhone: ('00:1F:F3:B4:AB:4B', -90)
Phone: 00:1F:F3:B4:AB:4B is not registered
NearestPhone: No Devices Detected
current inquiry mode is 1
[00:1F:F3:B4:AB:4B] RSSI: [-61]
[00:1F:F3:B4:AB:4B] RSSI: [-66]
[00:1F:F3:B4:AB:4B] RSSI: [-62]
NewPhone: ('00:1F:F3:B4:AB:4B', -62.0)
Phone: 00:1F:F3:B4:AB:4B is not registered
NearestPhone: No Devices Detected
current inquiry mode is 1
[00:1F:F3:B4:AB:4B] RSSI: [-66]
NewPhone: ('00:1F:F3:B4:AB:4B', -66.0)
Phone: 00:1F:F3:B4:AB:4B is not registered
NearestPhone: No Devices Detected
current inquiry mode is 1
NewPhone: ('00:1F:F3:B4:AB:4B', -90)
Phone: 00:1F:F3:B4:AB:4B is not registered
NearestPhone: No Devices Detected
current inquiry mode is 1
[00:1F:F3:B4:AB:4B] RSSI: [-69]
[00:1F:F3:B4:AB:4B] RSSI: [-64]
[00:1F:F3:B4:AB:4B] RSSI: [-68]
[00:1F:F3:B4:AB:4B] RSSI: [-64]
[00:1F:F3:B4:AB:4B] RSSI: [-64]
NewPhone: ('04:0C:CE:EE:8B:03', -90)
Phone: 04:0C:CE:EE:8B:03 is not registered
NearestPhone: No Devices Detected
current inquiry mode is 1
[00:1F:F3:B4:AB:4B] RSSI: [-62]
NewPhone: ('00:1F:F3:B4:AB:4B', -62.0)
Phone: 00:1F:F3:B4:AB:4B is not registered
NearestPhone: No Devices Detected
current inquiry mode is 1
[00:1F:F3:B4:AB:4B] RSSI: [-71]
NewPhone: ('00:1F:F3:B4:AB:4B', -71.0)
Phone: 00:1F:F3:B4:AB:4B is not registered
NearestPhone: No Devices Detected
current inquiry mode is 1
[00:1F:F3:B4:AB:4B] RSSI: [-66]
[00:1F:F3:B4:AB:4B] RSSI: [-77]
[00:1F:F3:B4:AB:4B] RSSI: [-66]
[00:1F:F3:B4:AB:4B] RSSI: [-62]
NewPhone: ('00:1F:F3:B4:AB:4B', -66.0)
Phone: 00:1F:F3:B4:AB:4B is not registered
NearestPhone: No Devices Detected
current inquiry mode is 1
[00:1F:F3:B4:AB:4B] RSSI: [-68]
[04:0C:CE:EE:8B:03] RSSI: [-88]
[00:1F:F3:B4:AB:4B] RSSI: [-73]
NewPhone: ('00:1F:F3:B4:AB:4B', -70.5)
Phone: 00:1F:F3:B4:AB:4B is not registered
NearestPhone: No Devices Detected
current inquiry mode is 1
[00:1F:F3:B4:AB:4B] RSSI: [-68]
[00:1F:F3:B4:AB:4B] RSSI: [-68]
[00:1F:F3:B4:AB:4B] RSSI: [-65]
[00:1F:F3:B4:AB:4B] RSSI: [-64]
NewPhone: ('00:1F:F3:B4:AB:4B', -66.5)
Phone: 00:1F:F3:B4:AB:4B is not registered
NearestPhone: No Devices Detected
current inquiry mode is 1
[00:1F:F3:B4:AB:4B] RSSI: [-68]
[00:1F:F3:B4:AB:4B] RSSI: [-67]
[04:0C:CE:EE:8B:03] RSSI: [-89]
[00:1F:F3:B4:AB:4B] RSSI: [-66]
NewPhone: ('00:1F:F3:B4:AB:4B', -67.0)
Phone: 00:1F:F3:B4:AB:4B is not registered
current inquiry mode is 1
[00:1F:F3:B4:AB:4B] RSSI: [-84]
[00:1F:F3:B4:AB:4B] RSSI: [-66]
NewPhone: ('04:0C:CE:EE:8B:03', -90)
Phone: 04:0C:CE:EE:8B:03 is not registered
NearestPhone: No Devices Detected
current inquiry mode is 1
[00:1F:F3:B4:AB:4B] RSSI: [-69]
[58:B0:35:81:CE:47] RSSI: [-93]
NewPhone: ('00:1F:F3:B4:AB:4B', -69.0)
Phone: 00:1F:F3:B4:AB:4B is not registered
NearestPhone: No Devices Detected
current inquiry mode is 1
[00:1F:F3:B4:AB:4B] RSSI: [-83]
[00:1F:F3:B4:AB:4B] RSSI: [-64]
[00:1F:F3:B4:AB:4B] RSSI: [-65]
[00:1F:F3:B4:AB:4B] RSSI: [-67]
[00:1F:F3:B4:AB:4B] RSSI: [-60]
[00:1F:F3:B4:AB:4B] RSSI: [-66]
[00:1F:F3:B4:AB:4B] RSSI: [-63]
NewPhone: ('00:1F:F3:B4:AB:4B', -65.0)
Phone: 00:1F:F3:B4:AB:4B is not registered
NearestPhone: No Devices Detected
current inquiry mode is 1
[00:1F:F3:B4:AB:4B] RSSI: [-66]
[00:1F:F3:B4:AB:4B] RSSI: [-65]
[00:1F:F3:B4:AB:4B] RSSI: [-70]
[00:1F:F3:B4:AB:4B] RSSI: [-80]
NewPhone: ('00:1F:F3:B4:AB:4B', -68.0)
Phone: 00:1F:F3:B4:AB:4B is not registered
NearestPhone: No Devices Detected
current inquiry mode is 1
[00:1F:F3:B4:AB:4B] RSSI: [-80]
[00:1F:F3:B4:AB:4B] RSSI: [-59]
NewPhone: ('00:1F:F3:B4:AB:4B', -69.5)
Phone: 00:1F:F3:B4:AB:4B is not registered
NearestPhone: No Devices Detected
current inquiry mode is 1
[00:1F:F3:B4:AB:4B] RSSI: [-62]
[00:1F:F3:B4:AB:4B] RSSI: [-66]
NewPhone: ('00:1F:F3:B4:AB:4B', -64.0)
Phone: 00:1F:F3:B4:AB:4B is not registered
NearestPhone: No Devices Detected
current inquiry mode is 1
[00:1F:F3:B4:AB:4B] RSSI: [-66]
[00:1F:F3:B4:AB:4B] RSSI: [-82]
[00:1F:F3:B4:AB:4B] RSSI: [-71]
[00:1F:F3:B4:AB:4B] RSSI: [-63]
[00:1F:F3:B4:AB:4B] RSSI: [-62]
[00:1F:F3:B4:AB:4B] RSSI: [-65]
[00:1F:F3:B4:AB:4B] RSSI: [-79]
[00:1F:F3:B4:AB:4B] RSSI: [-67]
[00:1F:F3:B4:AB:4B] RSSI: [-80]
[00:1F:F3:B4:AB:4B] RSSI: [-64]
NewPhone: ('00:1F:F3:B4:AB:4B', -66.5)
Phone: 00:1F:F3:B4:AB:4B is not registered
NearestPhone: No Devices Detected
current inquiry mode is 1
[00:1F:F3:B4:AB:4B] RSSI: [-67]
[00:1F:F3:B4:AB:4B] RSSI: [-75]
[00:1F:F3:B4:AB:4B] RSSI: [-66]
NewPhone: ('00:1F:F3:B4:AB:4B', -67.0)
Phone: 00:1F:F3:B4:AB:4B is not registered
NearestPhone: No Devices Detected
current inquiry mode is 1
[00:1F:F3:B4:AB:4B] RSSI: [-60]
[00:1F:F3:B4:AB:4B] RSSI: [-60]
[00:1F:F3:B4:AB:4B] RSSI: [-68]
[00:1F:F3:B4:AB:4B] RSSI: [-74]
[00:1F:F3:B4:AB:4B] RSSI: [-82]
[00:1F:F3:B4:AB:4B] RSSI: [-61]
[00:1F:F3:B4:AB:4B] RSSI: [-60]
[00:1F:F3:B4:AB:4B] RSSI: [-69]
NewPhone: ('00:1F:F3:B4:AB:4B', -64.5)
Phone: 00:1F:F3:B4:AB:4B is not registered
NearestPhone: No Devices Detected
current inquiry mode is 1
[00:1F:F3:B4:AB:4B] RSSI: [-64]
[00:1F:F3:B4:AB:4B] RSSI: [-75]
[00:1F:F3:B4:AB:4B] RSSI: [-60]
[00:1F:F3:B4:AB:4B] RSSI: [-68]
NewPhone: ('00:1F:F3:B4:AB:4B', -66.0)
Phone: 00:1F:F3:B4:AB:4B is not registered
NearestPhone: No Devices Detected
current inquiry mode is 1
[00:1F:F3:B4:AB:4B] RSSI: [-67]
[00:1F:F3:B4:AB:4B] RSSI: [-76]
NewPhone: ('00:1F:F3:B4:AB:4B', -71.5)
Phone: 00:1F:F3:B4:AB:4B is not registered
NearestPhone: No Devices Detected
current inquiry mode is 1
[00:1F:F3:B4:AB:4B] RSSI: [-64]
[00:1F:F3:B4:AB:4B] RSSI: [-65]
[00:1F:F3:B4:AB:4B] RSSI: [-72]
[00:1F:F3:B4:AB:4B] RSSI: [-71]
[00:1F:F3:B4:AB:4B] RSSI: [-61]
[00:1F:F3:B4:AB:4B] RSSI: [-69]
[00:1F:F3:B4:AB:4B] RSSI: [-66]
[00:1F:F3:B4:AB:4B] RSSI: [-76]
[00:1F:F3:B4:AB:4B] RSSI: [-71]
[00:1F:F3:B4:AB:4B] RSSI: [-74]
NewPhone: ('00:1F:F3:B4:AB:4B', -70.0)
Phone: 00:1F:F3:B4:AB:4B is not registered
NearestPhone: No Devices Detected
current inquiry mode is 1
[00:1F:F3:B4:AB:4B] RSSI: [-65]
[00:1F:F3:B4:AB:4B] RSSI: [-67]
NewPhone: ('00:1F:F3:B4:AB:4B', -66.0)
Phone: 00:1F:F3:B4:AB:4B is not registered
NearestPhone: No Devices Detected
current inquiry mode is 1
[00:1F:F3:B4:AB:4B] RSSI: [-64]
[00:1F:F3:B4:AB:4B] RSSI: [-64]
NewPhone: ('00:1F:F3:B4:AB:4B', -64.0)
Phone: 00:1F:F3:B4:AB:4B is not registered
NearestPhone: No Devices Detected
current inquiry mode is 1
[00:1F:F3:B4:AB:4B] RSSI: [-65]
[00:1F:F3:B4:AB:4B] RSSI: [-79]
[00:1F:F3:B4:AB:4B] RSSI: [-67]
[00:1F:F3:B4:AB:4B] RSSI: [-74]
[00:1F:F3:B4:AB:4B] RSSI: [-61]
[00:1F:F3:B4:AB:4B] RSSI: [-60]
NewPhone: ('00:1F:F3:B4:AB:4B', -66.0)
Phone: 00:1F:F3:B4:AB:4B is not registered
NearestPhone: No Devices Detected
current inquiry mode is 1
[00:1F:F3:B4:AB:4B] RSSI: [-63]
[00:1F:F3:B4:AB:4B] RSSI: [-64]
[00:1F:F3:B4:AB:4B] RSSI: [-73]
[00:1F:F3:B4:AB:4B] RSSI: [-68]
NewPhone: ('00:1F:F3:B4:AB:4B', -66.0)
Phone: 00:1F:F3:B4:AB:4B is not registered
NearestPhone: No Devices Detected
current inquiry mode is 1
[00:1F:F3:B4:AB:4B] RSSI: [-67]
[00:1F:F3:B4:AB:4B] RSSI: [-59]
NewPhone: ('00:1F:F3:B4:AB:4B', -63.0)
Phone: 00:1F:F3:B4:AB:4B is not registered
NearestPhone: No Devices Detected
