LOG AT: Fri_Jul_22_10:35:55_2016
 
current inquiry mode is 1
[00:1F:F3:B4:AB:4B] RSSI: [-64]
NewPhone: ('00:1F:F3:B4:AB:4B', -64.0)
Phone: 00:1F:F3:B4:AB:4B is not registered
NearestPhone: No Devices Detected
current inquiry mode is 1
[00:1F:F3:B4:AB:4B] RSSI: [-60]
[90:E7:C4:3E:D1:0C] RSSI: [-44]
[90:E7:C4:3E:D1:0C] RSSI: [-52]
[00:1F:F3:B4:AB:4B] RSSI: [-65]
[00:1F:F3:B4:AB:4B] RSSI: [-63]
NewPhone: ('58:B0:35:81:CE:47', -9999)
Phone: 58:B0:35:81:CE:47 is not registered
current inquiry mode is 1
[90:E7:C4:3E:D1:0C] RSSI: [-56]
[00:1F:F3:B4:AB:4B] RSSI: [-62]
[00:1F:F3:B4:AB:4B] RSSI: [-74]
NewPhone: ('00:1F:F3:B4:AB:4B', -68.0)
Phone: 00:1F:F3:B4:AB:4B is not registered
NearestPhone: No Devices Detected
current inquiry mode is 1
[90:E7:C4:3E:D1:0C] RSSI: [-40]
[00:1F:F3:B4:AB:4B] RSSI: [-78]
[90:E7:C4:3E:D1:0C] RSSI: [-39]
[90:E7:C4:3E:D1:0C] RSSI: [-40]
[90:E7:C4:3E:D1:0C] RSSI: [-39]
[90:E7:C4:3E:D1:0C] RSSI: [-40]
[90:E7:C4:3E:D1:0C] RSSI: [-43]
[00:1F:F3:B4:AB:4B] RSSI: [-64]
[90:E7:C4:3E:D1:0C] RSSI: [-39]
NewPhone: ('00:1F:F3:B4:AB:4B', -71.0)
Phone: 00:1F:F3:B4:AB:4B is not registered
current inquiry mode is 1
[90:E7:C4:3E:D1:0C] RSSI: [-38]
[00:1F:F3:B4:AB:4B] RSSI: [-65]
[90:E7:C4:3E:D1:0C] RSSI: [-41]
[00:1F:F3:B4:AB:4B] RSSI: [-67]
[90:E7:C4:3E:D1:0C] RSSI: [-41]
[90:E7:C4:3E:D1:0C] RSSI: [-39]
[00:1F:F3:B4:AB:4B] RSSI: [-77]
[00:1F:F3:B4:AB:4B] RSSI: [-62]
[90:E7:C4:3E:D1:0C] RSSI: [-36]
[90:E7:C4:3E:D1:0C] RSSI: [-38]
NewPhone: ('90:E7:C4:3E:D1:0C', -38.5)
Phone: 90:E7:C4:3E:D1:0C is registered
NearestPhone: ('aleksphone', '90:E7:C4:3E:D1:0C', -38.5)
current inquiry mode is 1
[90:E7:C4:3E:D1:0C] RSSI: [-38]
[90:E7:C4:3E:D1:0C] RSSI: [-37]
[00:1F:F3:B4:AB:4B] RSSI: [-78]
[90:E7:C4:3E:D1:0C] RSSI: [-36]
[90:E7:C4:3E:D1:0C] RSSI: [-38]
[00:1F:F3:B4:AB:4B] RSSI: [-81]
[00:1F:F3:B4:AB:4B] RSSI: [-76]
[00:1F:F3:B4:AB:4B] RSSI: [-63]
NewPhone: ('90:E7:C4:3E:D1:0C', -37.5)
Phone: 90:E7:C4:3E:D1:0C is registered
current inquiry mode is 1
[90:E7:C4:3E:D1:0C] RSSI: [-39]
[90:E7:C4:3E:D1:0C] RSSI: [-39]
[90:E7:C4:3E:D1:0C] RSSI: [-36]
[90:E7:C4:3E:D1:0C] RSSI: [-38]
[90:E7:C4:3E:D1:0C] RSSI: [-39]
[00:1F:F3:B4:AB:4B] RSSI: [-63]
[00:1F:F3:B4:AB:4B] RSSI: [-63]
[00:1F:F3:B4:AB:4B] RSSI: [-64]
[00:1F:F3:B4:AB:4B] RSSI: [-61]
[00:1F:F3:B4:AB:4B] RSSI: [-72]
NewPhone: ('00:1F:F3:B4:AB:4B', -63.0)
Phone: 00:1F:F3:B4:AB:4B is not registered
NearestPhone: ('aleksphone', '90:E7:C4:3E:D1:0C', -37.5)
current inquiry mode is 1
[00:1F:F3:B4:AB:4B] RSSI: [-64]
[90:E7:C4:3E:D1:0C] RSSI: [-41]
[90:E7:C4:3E:D1:0C] RSSI: [-48]
[90:E7:C4:3E:D1:0C] RSSI: [-43]
[90:E7:C4:3E:D1:0C] RSSI: [-39]
[90:E7:C4:3E:D1:0C] RSSI: [-38]
[90:E7:C4:3E:D1:0C] RSSI: [-40]
NewPhone: ('00:1F:F3:B4:AB:4B', -64.0)
Phone: 00:1F:F3:B4:AB:4B is not registered
current inquiry mode is 1
[90:E7:C4:3E:D1:0C] RSSI: [-41]
[00:1F:F3:B4:AB:4B] RSSI: [-65]
[90:E7:C4:3E:D1:0C] RSSI: [-38]
[90:E7:C4:3E:D1:0C] RSSI: [-40]
[00:1F:F3:B4:AB:4B] RSSI: [-73]
[00:1F:F3:B4:AB:4B] RSSI: [-64]
[90:E7:C4:3E:D1:0C] RSSI: [-39]
[90:E7:C4:3E:D1:0C] RSSI: [-40]
[00:1F:F3:B4:AB:4B] RSSI: [-63]
[90:E7:C4:3E:D1:0C] RSSI: [-41]
[90:E7:C4:3E:D1:0C] RSSI: [-40]
[90:E7:C4:3E:D1:0C] RSSI: [-38]
[90:E7:C4:3E:D1:0C] RSSI: [-39]
[90:E7:C4:3E:D1:0C] RSSI: [-38]
[90:E7:C4:3E:D1:0C] RSSI: [-37]
[90:E7:C4:3E:D1:0C] RSSI: [-37]
[90:E7:C4:3E:D1:0C] RSSI: [-36]
[90:E7:C4:3E:D1:0C] RSSI: [-40]
[90:E7:C4:3E:D1:0C] RSSI: [-39]
[90:E7:C4:3E:D1:0C] RSSI: [-41]
[90:E7:C4:3E:D1:0C] RSSI: [-41]
NewPhone: ('90:E7:C4:3E:D1:0C', -39.0)
Phone: 90:E7:C4:3E:D1:0C is registered
NearestPhone: ('aleksphone', '90:E7:C4:3E:D1:0C', -39.0)
