LOG AT: Fri_Jul_22_10:15:34_2016
 
current inquiry mode is 1
[00:1F:F3:B4:AB:4B] RSSI: [-69]
[00:1F:F3:B4:AB:4B] RSSI: [-83]
[00:1F:F3:B4:AB:4B] RSSI: [-70]
[00:1F:F3:B4:AB:4B] RSSI: [-75]
NewPhone: ('00:1F:F3:B4:AB:4B', -72.5)
Phone: 00:1F:F3:B4:AB:4B is not registered
NearestPhone: No Devices Detected
current inquiry mode is 1
[00:1F:F3:B4:AB:4B] RSSI: [-66]
[00:1F:F3:B4:AB:4B] RSSI: [-70]
[90:E7:C4:3E:D1:0C] RSSI: [-45]
[00:1F:F3:B4:AB:4B] RSSI: [-69]
[90:E7:C4:3E:D1:0C] RSSI: [-45]
[90:E7:C4:3E:D1:0C] RSSI: [-49]
[00:1F:F3:B4:AB:4B] RSSI: [-68]
[90:E7:C4:3E:D1:0C] RSSI: [-50]
[90:E7:C4:3E:D1:0C] RSSI: [-44]
NewPhone: ('00:1F:F3:B4:AB:4B', -68.5)
Phone: 00:1F:F3:B4:AB:4B is not registered
NearestPhone: No Devices Detected
current inquiry mode is 1
[90:E7:C4:3E:D1:0C] RSSI: [-35]
[90:E7:C4:3E:D1:0C] RSSI: [-35]
[90:E7:C4:3E:D1:0C] RSSI: [-36]
[90:E7:C4:3E:D1:0C] RSSI: [-35]
[00:1F:F3:B4:AB:4B] RSSI: [-67]
[00:1F:F3:B4:AB:4B] RSSI: [-68]
[90:E7:C4:3E:D1:0C] RSSI: [-36]
[90:E7:C4:3E:D1:0C] RSSI: [-35]
[00:1F:F3:B4:AB:4B] RSSI: [-71]
[90:E7:C4:3E:D1:0C] RSSI: [-35]
NewPhone: ('90:E7:C4:3E:D1:0C', -35.0)
Phone: 90:E7:C4:3E:D1:0C is registered
current inquiry mode is 1
[90:E7:C4:3E:D1:0C] RSSI: [-36]
[90:E7:C4:3E:D1:0C] RSSI: [-36]
[90:E7:C4:3E:D1:0C] RSSI: [-35]
[90:E7:C4:3E:D1:0C] RSSI: [-36]
[00:1F:F3:B4:AB:4B] RSSI: [-68]
NewPhone: ('00:1F:F3:B4:AB:4B', -68.0)
Phone: 00:1F:F3:B4:AB:4B is not registered
NearestPhone: ('aleksphone', '90:E7:C4:3E:D1:0C', -35.0)
