LOG AT: Fri_Jul_22_10:18:20_2016
 
current inquiry mode is 1
[00:1F:F3:B4:AB:4B] RSSI: [-74]
NewPhone: ('00:1F:F3:B4:AB:4B', -74.0)
Phone: 00:1F:F3:B4:AB:4B is not registered
NearestPhone: No Devices Detected
current inquiry mode is 1
[00:1F:F3:B4:AB:4B] RSSI: [-84]
[90:E7:C4:3E:D1:0C] RSSI: [-52]
NewPhone: ('00:1F:F3:B4:AB:4B', -84.0)
Phone: 00:1F:F3:B4:AB:4B is not registered
NearestPhone: No Devices Detected
current inquiry mode is 1
[90:E7:C4:3E:D1:0C] RSSI: [-45]
[00:1F:F3:B4:AB:4B] RSSI: [-75]
[90:E7:C4:3E:D1:0C] RSSI: [-43]
[90:E7:C4:3E:D1:0C] RSSI: [-45]
[90:E7:C4:3E:D1:0C] RSSI: [-44]
[90:E7:C4:3E:D1:0C] RSSI: [-48]
[90:E7:C4:3E:D1:0C] RSSI: [-49]
[90:E7:C4:3E:D1:0C] RSSI: [-41]
[90:E7:C4:3E:D1:0C] RSSI: [-44]
[90:E7:C4:3E:D1:0C] RSSI: [-41]
[90:E7:C4:3E:D1:0C] RSSI: [-41]
NewPhone: ('90:E7:C4:3E:D1:0C', -44.0)
Phone: 90:E7:C4:3E:D1:0C is registered
current inquiry mode is 1
[90:E7:C4:3E:D1:0C] RSSI: [-46]
[00:1F:F3:B4:AB:4B] RSSI: [-78]
[90:E7:C4:3E:D1:0C] RSSI: [-48]
[00:1F:F3:B4:AB:4B] RSSI: [-74]
[90:E7:C4:3E:D1:0C] RSSI: [-45]
[90:E7:C4:3E:D1:0C] RSSI: [-43]
[90:E7:C4:3E:D1:0C] RSSI: [-43]
[90:E7:C4:3E:D1:0C] RSSI: [-42]
[90:E7:C4:3E:D1:0C] RSSI: [-42]
[90:E7:C4:3E:D1:0C] RSSI: [-41]
NewPhone: ('00:1F:F3:B4:AB:4B', -76.0)
Phone: 00:1F:F3:B4:AB:4B is not registered
NearestPhone: ('aleksphone', '90:E7:C4:3E:D1:0C', -44.0)
