LOG AT: Fri_Jul_22_10:31:30_2016
 
current inquiry mode is 1
[00:1F:F3:B4:AB:4B] RSSI: [-63]
[00:1F:F3:B4:AB:4B] RSSI: [-76]
[00:1F:F3:B4:AB:4B] RSSI: [-63]
NewPhone: ('00:1F:F3:B4:AB:4B', -63.0)
Phone: 00:1F:F3:B4:AB:4B is not registered
NearestPhone: No Devices Detected
current inquiry mode is 1
[90:E7:C4:3E:D1:0C] RSSI: [-41]
[90:E7:C4:3E:D1:0C] RSSI: [-41]
[90:E7:C4:3E:D1:0C] RSSI: [-43]
[90:E7:C4:3E:D1:0C] RSSI: [-41]
[90:E7:C4:3E:D1:0C] RSSI: [-43]
[90:E7:C4:3E:D1:0C] RSSI: [-38]
[90:E7:C4:3E:D1:0C] RSSI: [-39]
[90:E7:C4:3E:D1:0C] RSSI: [-43]
[90:E7:C4:3E:D1:0C] RSSI: [-40]
[90:E7:C4:3E:D1:0C] RSSI: [-44]
NewPhone: ('90:E7:C4:3E:D1:0C', -41.0)
Phone: 90:E7:C4:3E:D1:0C is registered
NearestPhone: ('aleksphone', '90:E7:C4:3E:D1:0C', -41.0)
