LOG AT: Fri_Aug__5_10:21:52_2016
 
current inquiry mode is 2
writing inquiry mode...
result: 0
NewPhone: ('00:1F:F3:B4:AB:4B', -90)
Phone: 00:1F:F3:B4:AB:4B is not registered
NearestPhone: No Devices Detected
current inquiry mode is 1
[00:1F:F3:B4:AB:4B] RSSI: [-65]
[00:1F:F3:B4:AB:4B] RSSI: [-68]
NewPhone: ('00:1F:F3:B4:AB:4B', -66.5)
Phone: 00:1F:F3:B4:AB:4B is not registered
current inquiry mode is 1
[00:1F:F3:B4:AB:4B] RSSI: [-67]
NewPhone: ('90:E7:C4:3E:D1:0C', -90)
Phone: 90:E7:C4:3E:D1:0C is registered
NearestPhone: ('aleksphone', '90:E7:C4:3E:D1:0C', -90)
User alex log in at: Fri Aug  5 10:22:47 2016
User alex log out at: Fri Aug  5 10:23:41 2016
current inquiry mode is 1
[00:1F:F3:B4:AB:4B] RSSI: [-62]
[00:1F:F3:B4:AB:4B] RSSI: [-67]
NewPhone: ('00:1F:F3:B4:AB:4B', -64.5)
Phone: 00:1F:F3:B4:AB:4B is not registered
NearestPhone: No Devices Detected
current inquiry mode is 1
NewPhone: ('00:1F:F3:B4:AB:4B', -90)
Phone: 00:1F:F3:B4:AB:4B is not registered
NearestPhone: No Devices Detected
current inquiry mode is 1
[00:1F:F3:B4:AB:4B] RSSI: [-67]
[00:1F:F3:B4:AB:4B] RSSI: [-68]
[00:1F:F3:B4:AB:4B] RSSI: [-67]
[00:1F:F3:B4:AB:4B] RSSI: [-59]
[00:1F:F3:B4:AB:4B] RSSI: [-66]
NewPhone: ('00:1F:F3:B4:AB:4B', -67.0)
Phone: 00:1F:F3:B4:AB:4B is not registered
NearestPhone: No Devices Detected
current inquiry mode is 1
[00:1F:F3:B4:AB:4B] RSSI: [-67]
[00:1F:F3:B4:AB:4B] RSSI: [-63]
[00:1F:F3:B4:AB:4B] RSSI: [-67]
[00:1F:F3:B4:AB:4B] RSSI: [-63]
[00:1F:F3:B4:AB:4B] RSSI: [-62]
[00:1F:F3:B4:AB:4B] RSSI: [-66]
NewPhone: ('00:1F:F3:B4:AB:4B', -64.5)
Phone: 00:1F:F3:B4:AB:4B is not registered
NearestPhone: No Devices Detected
current inquiry mode is 1
[00:1F:F3:B4:AB:4B] RSSI: [-66]
[00:1F:F3:B4:AB:4B] RSSI: [-62]
NewPhone: ('00:1F:F3:B4:AB:4B', -64.0)
Phone: 00:1F:F3:B4:AB:4B is not registered
NearestPhone: No Devices Detected
current inquiry mode is 1
[00:1F:F3:B4:AB:4B] RSSI: [-65]
[00:1F:F3:B4:AB:4B] RSSI: [-68]
[00:1F:F3:B4:AB:4B] RSSI: [-64]
[00:1F:F3:B4:AB:4B] RSSI: [-73]
[00:1F:F3:B4:AB:4B] RSSI: [-63]
NewPhone: ('00:1F:F3:B4:AB:4B', -65.0)
Phone: 00:1F:F3:B4:AB:4B is not registered
NearestPhone: No Devices Detected
current inquiry mode is 1
[00:1F:F3:B4:AB:4B] RSSI: [-73]
[00:1F:F3:B4:AB:4B] RSSI: [-75]
[00:1F:F3:B4:AB:4B] RSSI: [-61]
[00:1F:F3:B4:AB:4B] RSSI: [-63]
NewPhone: ('00:1F:F3:B4:AB:4B', -68.0)
Phone: 00:1F:F3:B4:AB:4B is not registered
NearestPhone: No Devices Detected
NearestPhone: No Devices Detected
current inquiry mode is 1
[00:1F:F3:B4:AB:4B] RSSI: [-68]
NewPhone: ('00:1F:F3:B4:AB:4B', -68.0)
Phone: 00:1F:F3:B4:AB:4B is not registered
NearestPhone: No Devices Detected
current inquiry mode is 1
[00:1F:F3:B4:AB:4B] RSSI: [-68]
[00:1F:F3:B4:AB:4B] RSSI: [-69]
NewPhone: ('00:1F:F3:B4:AB:4B', -68.5)
Phone: 00:1F:F3:B4:AB:4B is not registered
NearestPhone: No Devices Detected
current inquiry mode is 1
[00:1F:F3:B4:AB:4B] RSSI: [-72]
[00:1F:F3:B4:AB:4B] RSSI: [-62]
[00:1F:F3:B4:AB:4B] RSSI: [-59]
[00:1F:F3:B4:AB:4B] RSSI: [-63]
NewPhone: ('00:1F:F3:B4:AB:4B', -62.5)
Phone: 00:1F:F3:B4:AB:4B is not registered
NearestPhone: No Devices Detected
current inquiry mode is 1
[00:1F:F3:B4:AB:4B] RSSI: [-70]
[00:1F:F3:B4:AB:4B] RSSI: [-67]
[00:1F:F3:B4:AB:4B] RSSI: [-62]
[00:1F:F3:B4:AB:4B] RSSI: [-66]
NewPhone: ('00:1F:F3:B4:AB:4B', -66.5)
Phone: 00:1F:F3:B4:AB:4B is not registered
NearestPhone: No Devices Detected
current inquiry mode is 1
NewPhone: ('00:1F:F3:B4:AB:4B', -90)
Phone: 00:1F:F3:B4:AB:4B is not registered
NearestPhone: No Devices Detected
