LOG AT: Thu_Aug__4_10:28:49_2016
 
current inquiry mode is 1
[00:1F:F3:B4:AB:4B] RSSI: [-65]
[00:1F:F3:B4:AB:4B] RSSI: [-60]
[00:1F:F3:B4:AB:4B] RSSI: [-68]
[00:1F:F3:B4:AB:4B] RSSI: [-71]
NewPhone: ('00:1F:F3:B4:AB:4B', -66.5)
Phone: 00:1F:F3:B4:AB:4B is not registered
NearestPhone: No Devices Detected
current inquiry mode is 1
[04:0C:CE:EE:8B:03] RSSI: [-88]
[00:1F:F3:B4:AB:4B] RSSI: [-66]
[00:1F:F3:B4:AB:4B] RSSI: [-71]
[00:1F:F3:B4:AB:4B] RSSI: [-80]
[00:1F:F3:B4:AB:4B] RSSI: [-68]
NewPhone: ('00:1F:F3:B4:AB:4B', -69.5)
Phone: 00:1F:F3:B4:AB:4B is not registered
NearestPhone: No Devices Detected
current inquiry mode is 1
[00:1F:F3:B4:AB:4B] RSSI: [-63]
[00:1F:F3:B4:AB:4B] RSSI: [-70]
[00:1F:F3:B4:AB:4B] RSSI: [-69]
NewPhone: ('00:1F:F3:B4:AB:4B', -69.0)
Phone: 00:1F:F3:B4:AB:4B is not registered
NearestPhone: No Devices Detected
current inquiry mode is 1
[90:E7:C4:3E:D1:0C] RSSI: [-52]
[90:E7:C4:3E:D1:0C] RSSI: [-61]
[00:1F:F3:B4:AB:4B] RSSI: [-62]
[90:E7:C4:3E:D1:0C] RSSI: [-49]
[00:1F:F3:B4:AB:4B] RSSI: [-66]
NewPhone: ('00:1F:F3:B4:AB:4B', -64.0)
Phone: 00:1F:F3:B4:AB:4B is not registered
NearestPhone: No Devices Detected
current inquiry mode is 1
[00:1F:F3:B4:AB:4B] RSSI: [-63]
[90:E7:C4:3E:D1:0C] RSSI: [-55]
[90:E7:C4:3E:D1:0C] RSSI: [-59]
[00:1F:F3:B4:AB:4B] RSSI: [-61]
[00:1F:F3:B4:AB:4B] RSSI: [-63]
[90:E7:C4:3E:D1:0C] RSSI: [-54]
[00:1F:F3:B4:AB:4B] RSSI: [-74]
[90:E7:C4:3E:D1:0C] RSSI: [-52]
[04:0C:CE:EE:8B:03] RSSI: [-89]
NewPhone: ('00:1F:F3:B4:AB:4B', -63.0)
Phone: 00:1F:F3:B4:AB:4B is not registered
current inquiry mode is 1
[00:1F:F3:B4:AB:4B] RSSI: [-76]
[00:1F:F3:B4:AB:4B] RSSI: [-66]
[90:E7:C4:3E:D1:0C] RSSI: [-55]
[00:1F:F3:B4:AB:4B] RSSI: [-62]
[90:E7:C4:3E:D1:0C] RSSI: [-55]
[00:1F:F3:B4:AB:4B] RSSI: [-60]
[00:1F:F3:B4:AB:4B] RSSI: [-59]
[00:1F:F3:B4:AB:4B] RSSI: [-60]
[00:1F:F3:B4:AB:4B] RSSI: [-61]
[00:1F:F3:B4:AB:4B] RSSI: [-61]
[00:1F:F3:B4:AB:4B] RSSI: [-65]
[90:E7:C4:3E:D1:0C] RSSI: [-50]
NewPhone: ('90:E7:C4:3E:D1:0C', -55.0)
Phone: 90:E7:C4:3E:D1:0C is registered
NearestPhone: ('aleksphone', '90:E7:C4:3E:D1:0C', -55.0)
User alex log in at: Thu Aug  4 10:30:28 2016
User alex log out at: Thu Aug  4 10:31:48 2016
current inquiry mode is 1
[00:1F:F3:B4:AB:4B] RSSI: [-76]
[00:1F:F3:B4:AB:4B] RSSI: [-65]
[00:1F:F3:B4:AB:4B] RSSI: [-62]
NewPhone: ('00:1F:F3:B4:AB:4B', -65.0)
Phone: 00:1F:F3:B4:AB:4B is not registered
NearestPhone: No Devices Detected
current inquiry mode is 1
[00:1F:F3:B4:AB:4B] RSSI: [-68]
NewPhone: ('00:1F:F3:B4:AB:4B', -68.0)
Phone: 00:1F:F3:B4:AB:4B is not registered
NearestPhone: No Devices Detected
current inquiry mode is 1
[00:1F:F3:B4:AB:4B] RSSI: [-67]
[00:1F:F3:B4:AB:4B] RSSI: [-67]
[00:1F:F3:B4:AB:4B] RSSI: [-68]
[00:1F:F3:B4:AB:4B] RSSI: [-63]
NewPhone: ('00:1F:F3:B4:AB:4B', -67.0)
Phone: 00:1F:F3:B4:AB:4B is not registered
NearestPhone: No Devices Detected
current inquiry mode is 1
[00:1F:F3:B4:AB:4B] RSSI: [-65]
[00:1F:F3:B4:AB:4B] RSSI: [-70]
[00:1F:F3:B4:AB:4B] RSSI: [-64]
[00:1F:F3:B4:AB:4B] RSSI: [-64]
[00:1F:F3:B4:AB:4B] RSSI: [-67]
[00:1F:F3:B4:AB:4B] RSSI: [-60]
[00:1F:F3:B4:AB:4B] RSSI: [-69]
[00:1F:F3:B4:AB:4B] RSSI: [-62]
NewPhone: ('00:1F:F3:B4:AB:4B', -64.5)
Phone: 00:1F:F3:B4:AB:4B is not registered
NearestPhone: No Devices Detected
current inquiry mode is 1
[00:1F:F3:B4:AB:4B] RSSI: [-68]
[00:1F:F3:B4:AB:4B] RSSI: [-68]
[00:1F:F3:B4:AB:4B] RSSI: [-64]
[00:1F:F3:B4:AB:4B] RSSI: [-65]
NewPhone: ('00:1F:F3:B4:AB:4B', -66.5)
Phone: 00:1F:F3:B4:AB:4B is not registered
NearestPhone: No Devices Detected
current inquiry mode is 1
[04:0C:CE:EE:8B:03] RSSI: [-89]
NewPhone: ('04:0C:CE:EE:8B:03', -89.0)
Phone: 04:0C:CE:EE:8B:03 is not registered
current inquiry mode is 1
[00:1F:F3:B4:AB:4B] RSSI: [-64]
[00:1F:F3:B4:AB:4B] RSSI: [-60]
[00:1F:F3:B4:AB:4B] RSSI: [-63]
[00:1F:F3:B4:AB:4B] RSSI: [-64]
[00:1F:F3:B4:AB:4B] RSSI: [-67]
[00:1F:F3:B4:AB:4B] RSSI: [-67]
[00:1F:F3:B4:AB:4B] RSSI: [-66]
NewPhone: ('00:1F:F3:B4:AB:4B', -64.0)
Phone: 00:1F:F3:B4:AB:4B is not registered
NearestPhone: No Devices Detected
current inquiry mode is 1
[00:1F:F3:B4:AB:4B] RSSI: [-65]
[00:1F:F3:B4:AB:4B] RSSI: [-64]
NewPhone: ('00:1F:F3:B4:AB:4B', -64.5)
Phone: 00:1F:F3:B4:AB:4B is not registered
NearestPhone: No Devices Detected
current inquiry mode is 1
[00:1F:F3:B4:AB:4B] RSSI: [-65]
[00:1F:F3:B4:AB:4B] RSSI: [-62]
[00:1F:F3:B4:AB:4B] RSSI: [-67]
[00:1F:F3:B4:AB:4B] RSSI: [-66]
[00:1F:F3:B4:AB:4B] RSSI: [-72]
NewPhone: ('00:1F:F3:B4:AB:4B', -66.0)
Phone: 00:1F:F3:B4:AB:4B is not registered
NearestPhone: No Devices Detected
current inquiry mode is 1
[00:1F:F3:B4:AB:4B] RSSI: [-69]
[00:1F:F3:B4:AB:4B] RSSI: [-71]
[00:1F:F3:B4:AB:4B] RSSI: [-67]
[00:1F:F3:B4:AB:4B] RSSI: [-66]
NewPhone: ('00:1F:F3:B4:AB:4B', -68.0)
Phone: 00:1F:F3:B4:AB:4B is not registered
NearestPhone: No Devices Detected
current inquiry mode is 1
[00:1F:F3:B4:AB:4B] RSSI: [-65]
NewPhone: ('00:1F:F3:B4:AB:4B', -65.0)
Phone: 00:1F:F3:B4:AB:4B is not registered
NearestPhone: No Devices Detected
current inquiry mode is 1
[00:1F:F3:B4:AB:4B] RSSI: [-66]
[00:1F:F3:B4:AB:4B] RSSI: [-65]
[00:1F:F3:B4:AB:4B] RSSI: [-64]
[00:1F:F3:B4:AB:4B] RSSI: [-64]
[00:1F:F3:B4:AB:4B] RSSI: [-66]
NewPhone: ('00:1F:F3:B4:AB:4B', -65.0)
Phone: 00:1F:F3:B4:AB:4B is not registered
NearestPhone: No Devices Detected
current inquiry mode is 1
[00:1F:F3:B4:AB:4B] RSSI: [-65]
[00:1F:F3:B4:AB:4B] RSSI: [-64]
[00:1F:F3:B4:AB:4B] RSSI: [-69]
[00:1F:F3:B4:AB:4B] RSSI: [-72]
NewPhone: ('00:1F:F3:B4:AB:4B', -67.0)
Phone: 00:1F:F3:B4:AB:4B is not registered
NearestPhone: No Devices Detected
current inquiry mode is 1
