LOG AT: Thu_Aug_11_09:23:11_2016
 
current inquiry mode is 2
writing inquiry mode...
result: 0
[90:E7:C4:3E:D1:0C] RSSI: [-52]
[90:E7:C4:3E:D1:0C] RSSI: [-54]
[90:E7:C4:3E:D1:0C] RSSI: [-51]
[90:E7:C4:3E:D1:0C] RSSI: [-52]
[00:1F:F3:B4:AB:4B] RSSI: [-68]
[90:E7:C4:3E:D1:0C] RSSI: [-50]
[90:E7:C4:3E:D1:0C] RSSI: [-50]
NewPhone: ('90:E7:C4:3E:D1:0C', -51.5)
Phone: 90:E7:C4:3E:D1:0C is registered
current inquiry mode is 1
[00:1F:F3:B4:AB:4B] RSSI: [-70]
[00:1F:F3:B4:AB:4B] RSSI: [-68]
[90:E7:C4:3E:D1:0C] RSSI: [-54]
[90:E7:C4:3E:D1:0C] RSSI: [-52]
[00:1F:F3:B4:AB:4B] RSSI: [-70]
[90:E7:C4:3E:D1:0C] RSSI: [-50]
[90:E7:C4:3E:D1:0C] RSSI: [-53]
[00:1F:F3:B4:AB:4B] RSSI: [-87]
[90:E7:C4:3E:D1:0C] RSSI: [-48]
[90:E7:C4:3E:D1:0C] RSSI: [-50]
[90:E7:C4:3E:D1:0C] RSSI: [-46]
NewPhone: ('00:1F:F3:B4:AB:4B', -70.0)
Phone: 00:1F:F3:B4:AB:4B is not registered
NearestPhone: ('aleksphone', '90:E7:C4:3E:D1:0C', -51.5)
User alex log in at: Thu Aug 11 09:23:45 2016
User alex log out at: Thu Aug 11 09:25:46 2016
