LOG AT: Wed_Aug__3_14:24:01_2016
 
current inquiry mode is 1
[00:1F:F3:B4:AB:4B] RSSI: [-66]
[00:1F:F3:B4:AB:4B] RSSI: [-65]
NewPhone: ('00:1F:F3:B4:AB:4B', -65.5)
Phone: 00:1F:F3:B4:AB:4B is not registered
NearestPhone: No Devices Detected
current inquiry mode is 1
[00:1F:F3:B4:AB:4B] RSSI: [-70]
[00:1F:F3:B4:AB:4B] RSSI: [-74]
NewPhone: ('00:1F:F3:B4:AB:4B', -72.0)
Phone: 00:1F:F3:B4:AB:4B is not registered
NearestPhone: No Devices Detected
current inquiry mode is 1
[90:E7:C4:3E:D1:0C] RSSI: [-49]
[00:1F:F3:B4:AB:4B] RSSI: [-64]
[90:E7:C4:3E:D1:0C] RSSI: [-49]
[90:E7:C4:3E:D1:0C] RSSI: [-53]
[90:E7:C4:3E:D1:0C] RSSI: [-48]
[90:E7:C4:3E:D1:0C] RSSI: [-50]
[00:1F:F3:B4:AB:4B] RSSI: [-62]
[00:1F:F3:B4:AB:4B] RSSI: [-66]
[90:E7:C4:3E:D1:0C] RSSI: [-53]
NewPhone: ('90:E7:C4:3E:D1:0C', -49.5)
Phone: 90:E7:C4:3E:D1:0C is registered
current inquiry mode is 1
[90:E7:C4:3E:D1:0C] RSSI: [-50]
[00:1F:F3:B4:AB:4B] RSSI: [-70]
[90:E7:C4:3E:D1:0C] RSSI: [-51]
[00:1F:F3:B4:AB:4B] RSSI: [-66]
[00:1F:F3:B4:AB:4B] RSSI: [-65]
[90:E7:C4:3E:D1:0C] RSSI: [-51]
NewPhone: ('00:1F:F3:B4:AB:4B', -66.0)
Phone: 00:1F:F3:B4:AB:4B is not registered
NearestPhone: ('aleksphone', '90:E7:C4:3E:D1:0C', -49.5)
User alex log in at: Wed Aug  3 14:25:11 2016
